20230621	18:15:13	f85176c0-a7b7-4396-9343-efee5f2582fb	GET	/css/styles.css	undefined
20230621	18:43:40	5ec10a58-eba0-43ad-a34c-fe185a8c71c3	GET	/css/styles.css	undefined
20230621	18:43:40	3a798543-9470-456c-9fdc-1b25dfad3c5e	GET	/	undefined
20230624	08:34:30	e9b11d5e-0072-4f9a-bc79-560391407847	POST	/users	undefined
20230624	08:36:52	ce18fe6f-2e07-4331-aa1b-a54285d2e06b	POST	/users	undefined
20230624	08:43:19	12df0afc-90df-4324-a7ff-39ce2f403350	POST	/users	undefined
20230624	08:49:29	68f44659-dbdf-46b5-81f0-8ad5f832b7e5	POST	/users	undefined
20230624	08:49:50	5b81841f-ead7-4eeb-b6c1-808a766d9cb1	POST	/users	undefined
20230624	09:05:18	45cc1221-bfe1-4a31-a2c1-db0dd40e4c10	GET	/users	undefined
20230624	09:08:57	d2263c27-341e-4e76-8944-ff67cbaceb09	POST	/users	undefined
20230629	14:25:01	8905efe5-3f34-4416-b7a2-6d8913ea0629	GET	/users	http://localhost:3000
20230629	14:25:01	31bf57b0-f3d2-4e3f-b77a-293cd0a0a7e0	GET	/users	http://localhost:3000
20230629	14:26:35	f043cb30-5bd2-4d75-8f50-78d0ea968eae	GET	/users	http://localhost:3000
20230629	14:26:35	d264fefd-6289-4182-8173-87bee302bd1f	GET	/users	http://localhost:3000
20230629	14:27:03	620f5859-da81-44f8-8114-ca1450de29e1	GET	/users	http://localhost:3000
20230629	14:27:04	6e9e0556-e8be-4f0a-8b01-16de9881ceb2	GET	/users	http://localhost:3000
20230629	14:27:25	5c6005aa-f222-4870-ae37-db5bb978bdf3	GET	/users	http://localhost:3000
20230629	14:27:35	865c91fe-13b7-46ca-be81-8dc542cbf9d5	GET	/users	http://localhost:3000
20230629	14:27:35	e4cc85a5-cfa9-4a75-9c04-55d4b794588d	GET	/users	http://localhost:3000
20230629	14:27:53	26781079-e21f-4f1e-b546-27ad3e880873	GET	/users	http://localhost:3000
20230629	14:28:23	2d919fec-8de7-4ea4-8d2d-e439860c44fe	GET	/users	http://localhost:3000
20230629	14:28:37	64372387-1ee3-4f4b-be5c-8f6663b29c80	GET	/users	http://localhost:3000
20230629	14:28:37	7cd9963a-74a3-40ff-95a0-bf9301478c51	GET	/users	http://localhost:3000
20230629	14:28:52	8fd24de0-8692-4bc7-ab84-0bbc604b94db	GET	/users	http://localhost:3000
20230629	14:28:55	74bc31aa-24a6-449a-a9fa-3affdb1a0772	GET	/users	http://localhost:3000
20230629	14:28:55	2d1a879a-9225-415b-9cb1-177e3028f5a7	GET	/users	http://localhost:3000
20230629	14:29:10	4106ef6a-d7ca-4f8a-ad68-f2ab72e5bafe	GET	/users	http://localhost:3000
20230629	14:29:21	2ad515fc-cb6a-4059-b08e-797196f42c70	GET	/users	http://localhost:3000
20230629	14:29:26	e32141fb-7989-4acd-b7d0-9b8c896ada89	GET	/users	http://localhost:3000
20230629	14:29:27	36cc52ea-d387-433a-874c-c6395d30b5a3	GET	/users	http://localhost:3000
20230629	14:30:01	c5f9602a-f17d-429b-afac-a4b84528b484	GET	/users	http://localhost:3000
20230629	14:33:04	d4b4513d-b98f-405b-9854-e2a9f27ad1d9	GET	/users	http://localhost:3000
20230629	14:33:04	ab3ddcaf-6426-4712-abe8-4a1c1b29b1e7	GET	/users	http://localhost:3000
20230629	14:35:27	5fea46bc-6e53-4287-b19e-4efdb64ee1a0	GET	/users	http://localhost:3000
20230629	14:35:27	1f6cd77f-aa12-4424-9d35-5cfe1a3f8863	GET	/users	http://localhost:3000
20230629	14:35:34	56fefb92-3057-4bf3-9a7d-ab65584828d7	GET	/users	http://localhost:3000
20230629	14:35:34	f444ac8d-d8f7-4609-b87e-50642a725d35	GET	/users	http://localhost:3000
20230629	14:38:05	73e91141-26c5-4280-bab6-33ccf4bfcb1a	GET	/users	http://localhost:3000
20230629	14:38:05	8525b03e-711d-4aeb-b8ff-7d79d974005d	GET	/users	http://localhost:3000
20230629	14:38:43	0fb29d37-247c-413c-b47f-357f096ec1da	GET	/users	http://localhost:3000
20230629	14:38:43	d4d7a29c-bb2f-4435-8021-cdaecbbaedc4	GET	/users	http://localhost:3000
20230629	15:13:31	05ad4be0-1f5a-469d-8529-17658aa26461	GET	/users	http://localhost:3000
20230629	15:13:31	ed9154de-1124-4b03-8a6f-ed2e6c7d580b	GET	/users	http://localhost:3000
20230629	15:23:45	5863fffd-1721-4994-9293-1f75ed945a3f	GET	/users	http://localhost:3000
20230629	15:23:50	88177027-2a24-486d-9845-767049207e8d	GET	/users	http://localhost:3000
20230629	15:24:35	b86bcc3c-a279-4812-a1e9-dff256961b4f	GET	/users	http://localhost:3000
20230629	15:24:36	d13b680d-f0e0-4a4d-befe-a6b4f2bce7df	GET	/users	http://localhost:3000
20230629	15:24:42	f3cf1b71-9a0d-4fef-baa7-f4b5b4c5a8e5	GET	/notes	http://localhost:3000
20230629	15:24:42	591fd868-173f-4823-9c5b-3b676a337fe7	GET	/notes	http://localhost:3000
20230629	15:37:55	0676a3e3-1b25-4d1e-b1d8-3689e60dc952	POST	/notes	undefined
20230629	15:38:08	acfd87fa-eead-48d3-a2d1-555ff72db8ff	POST	/notes	undefined
20230629	15:38:51	bf16485e-b47d-4cbe-bd9a-22d84428e5d7	POST	/notes	undefined
20230629	15:39:34	bf82d632-0d01-45e3-ab9d-06a83f1fe07c	POST	/notes	undefined
20230629	15:40:26	4439fed7-0159-4704-9b47-f8e18fae46b2	GET	/users	undefined
20230629	15:42:12	6ec4eab7-fdd1-420a-b96c-3eb3b01713f3	POST	/users	undefined
20230629	15:42:54	3eda32a6-961f-40f2-b155-b774834ca911	POST	/users	undefined
20230629	15:43:18	a20b0d68-d48c-4577-89e9-7f6682968448	POST	/users	undefined
20230629	15:43:37	96b9ee5d-0121-4c79-8c93-ef384b929f6a	POST	/notes	undefined
20230629	15:43:48	591a3174-58bb-4701-b84e-08ba070a49ba	POST	/notes	undefined
20230629	15:44:01	9a1401eb-3c00-4a68-93dd-204d32ab50b2	POST	/notes	undefined
20230629	15:44:13	8c25bccb-2d45-4919-9a02-a373c75ecef3	GET	/notes	undefined
20230629	15:45:16	9585c2cf-ca84-468c-88f2-a29fd7260a95	POST	/users	undefined
20230629	15:45:22	8fd9d1d0-36dd-41c9-97cf-e4c746a805d0	POST	/notes	undefined
20230629	15:46:23	813098c0-f813-4f01-82fe-8b998d77f29b	POST	/notes	undefined
20230629	15:46:44	a7787e49-7cd3-4431-abc6-a94e224a8124	POST	/notes	undefined
20230629	15:47:20	33ef6b26-9574-4ba3-b8a4-ca06f28c2ea1	POST	/notes	undefined
20230629	15:48:05	fce82e6f-bb30-446f-9d43-fda6af8f1fdf	POST	/notes	undefined
20230629	15:52:55	1392d0f2-5ce5-4233-8af8-6cdd63718267	GET	/notes	http://localhost:3000
20230629	15:53:03	488d0aa6-2533-4416-b6e0-7f9828aa016b	GET	/notes	http://localhost:3000
20230629	15:53:03	6c4fe4e9-17e5-4048-8e5c-9978267478fa	GET	/notes	http://localhost:3000
20230629	15:53:59	ee052f1a-e660-4cc9-8204-cbc466d60577	GET	/notes	http://localhost:3000
20230629	15:53:59	7f189d49-40ce-4848-97cf-f0e7268fa81d	GET	/notes	http://localhost:3000
20230629	15:54:57	288c41d6-b8ab-416e-bab5-dc1d6ac76e79	GET	/notes	http://localhost:3000
20230629	15:54:57	0b10a57a-c820-4033-b9f4-b8eb51cc4fec	GET	/notes	http://localhost:3000
20230629	15:55:30	441ce064-5acc-4bf3-861d-3952595a21e8	GET	/notes	http://localhost:3000
20230629	15:55:30	4962c17f-e5ba-4289-8efd-53d39cb8490c	GET	/notes	http://localhost:3000
20230629	15:56:10	6420753b-abdf-46c5-a59c-6e47c1cb4a0d	GET	/notes	http://localhost:3000
20230629	15:56:10	4bf0a5d2-5183-4dcd-85bd-3b70a63b0e0d	GET	/notes	http://localhost:3000
20230629	15:56:44	ce997760-a855-4aea-b97a-70af229cfdd1	GET	/notes	http://localhost:3000
20230629	15:56:44	c8e18eaf-0a25-4c14-9230-3caea2637ac7	GET	/notes	http://localhost:3000
20230629	15:57:03	8c7a893c-13e6-47e3-abe7-c6888d39f12d	GET	/notes	http://localhost:3000
20230629	15:57:03	3a85e8d4-e75a-4c6d-828d-e89fe7c5b218	GET	/notes	http://localhost:3000
20230629	15:57:17	135ef788-cfc5-4c8c-88ef-7ad762efe661	GET	/notes	http://localhost:3000
20230629	15:57:17	2f3e3d29-b0a0-4064-9242-ee4889cf1bba	GET	/notes	http://localhost:3000
20230629	15:58:46	6081e310-be93-4eee-a2c3-f3eddefc6ab4	GET	/notes	http://localhost:3000
20230629	15:58:46	ae25ccb3-718a-455b-bd44-89a944c0ea49	GET	/notes	http://localhost:3000
20230629	15:59:08	f94e5eee-d5bf-4a37-972b-9184136aad8b	GET	/notes	http://localhost:3000
20230629	15:59:08	1efde7c9-3d3a-491f-a9df-ac2d4a6e2fda	GET	/notes	http://localhost:3000
20230629	15:59:18	38b12944-eaad-484d-89bc-506f292bf708	GET	/notes	http://localhost:3000
20230629	15:59:19	e2a63017-7cf9-4258-88c4-d824399b1e8f	GET	/notes	http://localhost:3000
20230629	15:59:31	c2274b5d-df7e-4914-a915-381554b725ac	GET	/notes	http://localhost:3000
20230629	15:59:31	ffcad4fb-d404-4329-ac71-f6002592498a	GET	/notes	http://localhost:3000
20230629	16:00:07	5da08f1e-b1fe-4264-8a46-75dcaccd2bfe	GET	/notes	http://localhost:3000
20230629	16:00:08	50b156a1-df5a-4000-9371-e0117557599e	GET	/notes	http://localhost:3000
20230629	16:34:00	eefe24a0-3e76-4ab4-bd44-838f6ed5408f	GET	/notes	http://localhost:3000
20230629	16:34:01	ffee31d5-78bb-4360-966b-0ef2c0c95768	GET	/notes	http://localhost:3000
20230629	16:34:21	23dcdf6b-1a43-4832-bfaa-5cc0800f0b2b	GET	/notes	http://localhost:3000
20230629	16:34:21	31cf668e-dd4d-4f2e-bfda-c163a6177714	GET	/notes	http://localhost:3000
20230629	16:34:33	631130eb-3f29-494f-909f-2541adce2530	GET	/notes	http://localhost:3000
20230629	16:34:34	62ee1888-4da0-4056-8dcd-7c35de718ebc	GET	/notes	http://localhost:3000
20230629	16:35:40	f915f1a3-df72-4f98-9b4b-c2bead794ce9	GET	/notes	http://localhost:3000
20230629	16:35:40	45666e49-88ee-45b5-9c0d-8fbdc922e9e7	GET	/notes	http://localhost:3000
20240408	11:42:56	41bf640f-5a5b-4850-bdb0-124d1d7da53b	GET	/users	undefined
20240408	11:52:11	f78e4ef0-3457-4c98-b2fd-22afa56a8d6c	POST	/users	undefined
20240408	11:52:18	d8794945-a5c7-4649-9a6f-5782bf4314d9	POST	/users	undefined
20240408	13:10:32	db48717d-3225-454f-bb3a-243caff14042	GET	/users	http://localhost:3000
20240408	13:20:58	aae4cb26-ad05-44bd-a8b6-6d60148e976a	GET	/notes	http://localhost:3000
20240408	13:31:59	f38744c7-a85a-4af6-9bf4-6bdd7bbee274	GET	/notes	http://localhost:3000
20240509	15:13:19	cf24c512-dc4b-4995-b105-b8ec81750f1a	GET	/notes	http://localhost:3000
20240509	15:13:21	55066080-7144-4fc9-9926-b54ad931399a	GET	/notes	http://localhost:3000
20240509	15:13:21	1c43a2cb-53a0-4d31-998f-a3ea06553100	GET	/users	http://localhost:3000
20240509	15:13:25	ad4d8bde-d5ae-4636-8095-75a6c8d455e2	GET	/notes	http://localhost:3000
20240509	15:13:25	674df1c7-e55b-479e-b42f-2e32f3fba640	GET	/notes	http://localhost:3000
20240509	15:13:25	11ed5ed0-2279-4002-8c1e-b4f6bd401ad1	GET	/users	http://localhost:3000
20240509	15:13:34	2ac89078-e3af-4d48-bbd7-4181d9c83246	GET	/users	http://localhost:3000
20240509	15:13:42	bf86ed6d-c0e4-4d1f-80c8-ddd05d0681ab	GET	/users	http://localhost:3000
20240509	15:13:47	eb8b9ff6-5497-4a25-b84f-687ac8e3ab69	GET	/notes	http://localhost:3000
20240509	15:13:47	ee497501-ed43-4f24-b56c-b8cd1307adec	GET	/users	http://localhost:3000
20240509	15:13:52	27ad6a9d-791a-4d79-a85d-f5e3dd4d3c1c	GET	/notes	http://localhost:3000
20240509	15:13:52	de38036a-6684-46a5-8476-5ff6c68ab9b5	GET	/users	http://localhost:3000
20240509	15:14:16	b37c2432-c68e-4dcf-b29e-1b0603df9f4b	OPTIONS	/users	http://localhost:3000
20240509	15:14:16	3dd9d146-bd58-461e-83a2-ac4394c45d65	PATCH	/users	http://localhost:3000
20240509	15:14:17	e46b0d8c-47eb-465c-8836-ff76319eb8e0	GET	/users	http://localhost:3000
20240509	15:14:25	8b651680-90f7-4b1d-89ba-22b74c7ef34d	OPTIONS	/users	http://localhost:3000
20240509	15:14:25	ede31c01-34e8-4d84-8cd2-9c89ff669ad2	PATCH	/users	http://localhost:3000
20240509	15:14:25	b0b419e1-a07f-4aeb-afe4-ae2a2717c63c	GET	/users	http://localhost:3000
20240509	15:14:30	6e528463-6d2e-449a-a08d-375cdefd7d58	OPTIONS	/users	http://localhost:3000
20240509	15:14:30	a2ff3469-e077-4cdc-8ed2-2209ae40e52b	PATCH	/users	http://localhost:3000
20240509	15:14:31	fd4cf82f-f138-4413-bb75-a9bde6a3faab	GET	/users	http://localhost:3000
20240509	15:14:31	6dde0319-276f-4fe5-a65a-c51f69808424	GET	/users	http://localhost:3000
20240509	15:14:44	e4d2a9bf-7088-4adc-9ce9-8a4f9c2fdadd	OPTIONS	/users	http://localhost:3000
20240509	15:14:44	a71209de-ebb8-43ed-8cbd-2e9c649c24db	PATCH	/users	http://localhost:3000
20240509	15:14:45	6d0800f7-30c3-4d43-b100-f07ead3f2422	GET	/users	http://localhost:3000
20240509	15:14:45	70dc38a1-73f9-40d8-bbba-a9bf51864a21	GET	/users	http://localhost:3000
20240509	15:15:10	8a40af27-4817-458f-8516-2ffe78b52527	OPTIONS	/notes	http://localhost:3000
20240509	15:15:10	6f2110fe-367e-4481-87e7-6424559a5cd3	POST	/notes	http://localhost:3000
20240509	15:15:36	9762c2a2-bc26-45a6-809c-a8458c9224c8	GET	/notes	http://localhost:3000
20240509	15:15:36	02caa722-8bec-4567-99f7-b6ca9a0555b1	GET	/users	http://localhost:3000
20240509	15:16:56	c0cd9ad5-9342-4192-a1ae-5b3d992e08b1	GET	/notes	http://localhost:3000
20240509	15:16:56	0d34b0d2-8020-4688-890d-404d4e15cf9b	GET	/users	http://localhost:3000
20240509	15:17:05	9fcdb227-eda5-4a65-9a1c-4172c606299f	GET	/notes	http://localhost:3000
20240509	15:17:06	d86dddf9-db37-4581-a8c6-e27d184adf01	GET	/notes	http://localhost:3000
20240509	15:17:06	79d7f631-f229-4ef6-88c1-6db3151546c8	GET	/users	http://localhost:3000
20240509	15:17:13	d1f99973-01dd-46bf-ae6a-3ab823ab9bf9	GET	/notes	http://localhost:3000
20240509	15:17:17	ec6209b2-0428-47b6-9ada-4ece8c3a2376	GET	/notes	http://localhost:3000
20240509	15:17:17	6ed557de-569e-4ca8-9160-07b513da1729	GET	/users	http://localhost:3000
20240509	15:17:21	6cafe004-6384-4c11-aa5d-35b421da2ab5	GET	/users	http://localhost:3000
20240509	15:18:20	4bdc15a1-647b-49f8-b4e5-a83a4a800d64	GET	/notes	http://localhost:3000
20240509	15:18:20	64a54f7f-999a-4533-bde3-0ee2d76f47f3	GET	/users	http://localhost:3000
20240509	15:18:32	4b05b5a5-22ae-4c8e-a7a4-292f765e21c7	OPTIONS	/notes	http://localhost:3000
20240509	15:18:32	90ecb706-f2b6-43cf-a0f4-8ce2cf2d206c	POST	/notes	http://localhost:3000
20240509	15:18:59	bca4ec77-f310-4521-86b8-074c45de00bf	GET	/notes	http://localhost:3000
20240509	15:19:14	d09bce31-0d4d-42bb-9c33-8699291448d1	GET	/notes	http://localhost:3000
20240509	15:19:29	1920e8cc-16d1-49c3-8ef0-d397214269c5	GET	/notes	http://localhost:3000
20240509	15:19:45	24e6a00d-832b-488b-890d-7a4b0670b472	GET	/notes	http://localhost:3000
20240509	15:20:01	edf1c9d0-e80f-4a70-a869-6d671bda66b9	GET	/notes	http://localhost:3000
20240509	15:20:17	8d46f778-e83e-41d9-88b1-140ac080fee2	GET	/notes	http://localhost:3000
20240509	15:20:33	f26baad0-b0d0-4796-903d-964ed7446246	GET	/notes	http://localhost:3000
20240509	15:20:49	15bffab9-c634-4736-9ec2-d628e83cb518	GET	/notes	http://localhost:3000
20240509	15:20:50	4b1a0568-f689-4788-bed2-6586b8135d6f	GET	/users	undefined
20240509	15:21:04	ba0a73f5-3da7-4980-a23e-4ceb1f1346ce	PATCH	/notes	undefined
20240509	15:21:05	2469b5eb-344e-4e6d-a4e8-bb66aef74257	GET	/notes	http://localhost:3000
20240509	15:21:11	62d0f9a4-aa48-421f-8a59-81c0fc9f6053	GET	/notes	undefined
20240509	15:21:14	87e5f3fc-a9ef-4a42-a499-0024a3a60f11	GET	/notes	http://localhost:3000
20240509	15:21:29	638817e6-8a0b-4216-9245-980a2a467f5a	GET	/notes	http://localhost:3000
20240509	15:21:45	03c5dd48-2de9-4803-a80d-1642cca5efdb	GET	/notes	http://localhost:3000
20240509	15:22:01	3e3cfa07-c773-454d-846e-7e0fdaf97500	GET	/notes	http://localhost:3000
20240509	15:22:17	9532df81-c9ee-48f1-97d9-cda960975e61	GET	/notes	http://localhost:3000
20240509	15:22:33	dcf4d580-0b36-4a7b-a7db-65a247388610	GET	/notes	http://localhost:3000
20240509	15:22:35	f90665c6-e0d0-498b-90d2-b090976e6f38	GET	/notes	http://localhost:3000
20240509	15:22:51	ca85e50f-16d2-4b71-9bb1-bf5642f20a17	GET	/notes	http://localhost:3000
20240509	15:22:57	8ee85124-746e-4036-848c-2e3bde06aab1	GET	/notes	http://localhost:3000
20240509	15:23:13	b85e295d-395b-4c2f-86d5-a6e3149a35ce	GET	/notes	http://localhost:3000
20240509	15:23:24	660b7bde-7f27-4a68-a80b-dd4a7eaaf2d5	GET	/notes	http://localhost:3000
20240509	15:23:32	f7bbb2d2-c86a-4c88-b24f-26aea36e633b	GET	/notes	http://localhost:3000
20240509	15:23:33	27984617-f903-402b-b834-cafc4af17451	GET	/notes	http://localhost:3000
20240509	15:23:33	0cd80f20-2790-4b47-a77c-29b98a5ae3ef	GET	/users	http://localhost:3000
20240509	15:24:30	8ff8e949-0a24-4af0-aa3a-56cf6300520d	OPTIONS	/users	http://localhost:3000
20240509	15:24:30	b081e17d-402c-4aa9-90ac-01a3b857fd0b	POST	/users	http://localhost:3000
20240509	15:24:30	6517cf1d-9b16-4d2b-ba58-bef8e8780e9d	GET	/users	http://localhost:3000
20240509	15:24:31	76c7ce47-6ab3-40ed-b5a9-62afc5e5e562	GET	/users	http://localhost:3000
20240509	15:24:33	584d4720-8dfb-405b-a2ca-19b2669a7a49	GET	/users	http://localhost:3000
20240509	15:24:41	faace392-3e41-49eb-abc5-bb451706a6fe	GET	/notes	http://localhost:3000
20240509	15:24:41	5a0ca176-f854-4e47-999b-b7094f583b3b	GET	/users	http://localhost:3000
20240509	15:24:48	da07debf-24b9-464c-8667-0f7da1bf2300	OPTIONS	/users	http://localhost:3000
20240509	15:24:48	d9335054-8d47-4e38-9e27-cc0d56a670f3	PATCH	/users	http://localhost:3000
20240509	15:24:48	d3b56d97-e346-4548-a155-87537b726300	GET	/users	http://localhost:3000
20240509	15:24:48	1b4e99f6-cd53-482a-a8d7-0b87e5cd0f9a	GET	/users	http://localhost:3000
20240509	15:25:05	ab113244-befb-4d59-8ee9-4a938a2c0179	OPTIONS	/notes	http://localhost:3000
20240509	15:25:05	459ff0bb-0b29-4e2d-8aaf-003b6cd42f73	POST	/notes	http://localhost:3000
20240509	15:25:19	d3269357-181c-4ed2-b62a-c5b5e7175955	GET	/notes	http://localhost:3000
20240509	15:25:19	b17f8cb9-c4f9-42bb-a9f4-ede5fd915e2e	GET	/users	http://localhost:3000
20240509	15:25:53	43b22164-1512-4d8f-bba7-f1dbcc291e31	OPTIONS	/notes	http://localhost:3000
20240509	15:25:53	fea56029-3aaa-4e1f-882c-23e5c677a2fc	POST	/notes	http://localhost:3000
20240509	15:27:56	c85ba821-0a85-49d7-9cf9-ae8e17d3af87	OPTIONS	/notes	http://localhost:3000
20240509	15:27:56	7e643512-b2b5-4b0f-8d3f-81e46d25dc43	POST	/notes	http://localhost:3000
20240509	15:28:07	585bd051-38f5-4695-b4e5-99eccb4a7497	GET	/notes	undefined
20240509	15:28:07	950a8066-2efb-4c20-89ad-18d6b371c3a2	GET	/favicon.ico	undefined
20240509	15:28:38	0399f585-d1f1-4ae0-a83e-88eacfc830e9	GET	/notes	http://localhost:3000
20240509	15:28:38	77cf32dd-9b56-4bea-baa6-29bfbfe98829	GET	/users	http://localhost:3000
20240509	15:28:49	9cee20f7-73fc-4540-967c-a5d59d5bc9c0	OPTIONS	/notes	http://localhost:3000
20240509	15:28:49	c3d42e6e-715a-436c-bff5-ba1bd40cef16	POST	/notes	http://localhost:3000
20240509	16:55:25	18534986-0d37-443c-89c6-23f4cfb8ffec	GET	/auth	undefined
20240509	16:55:59	88f83412-5371-4f3f-86a2-cbf8961cd5dc	GET	/users	undefined
20240509	16:56:17	edbb79fc-0ea2-462f-bfd5-633e44fd33c1	GET	/auth	undefined
20240509	16:56:24	ee68a124-0121-4b4e-9df8-42d8d7827a43	GET	/auth	undefined
20240509	16:57:09	70bf513a-3bf7-45ec-9bff-63adbbc8a400	GET	/auth	undefined
20240509	16:57:13	d700888d-6d49-4dd6-92be-fdd6286cb3dc	GET	/users	undefined
20240509	16:57:27	f799377f-7aae-4cd7-a2f8-f4fea5af0739	GET	/auth	undefined
20240509	16:57:40	30bf94d5-381b-4cde-995c-910111c65647	POST	/auth	undefined
20240509	17:00:48	962e9159-89dc-4e24-93ef-36b22e3b60b6	POST	/auth	undefined
20240509	17:05:01	018958dc-1296-4cec-83f4-db6fffdd7bed	POST	/auth	undefined
20240509	17:06:24	7043bd6f-8cce-4806-87cf-2de4c128ed3b	POST	/auth	undefined
20240509	17:50:05	3c312f64-8c83-4385-b397-3940d5f1464a	GET	/refresh	undefined
20240509	17:50:37	5caeeda6-3853-4e36-9f75-1967f47a27e8	GET	/auth/refresh	undefined
20240509	17:52:02	6c6cc631-cf80-4e37-9333-b4a163417d4e	GET	/auth/logout	undefined
20240509	17:52:44	a960270d-5792-4f17-a2b2-c2e8c5945f5b	POST	/auth/logout	undefined
20240509	17:53:38	8b648941-c57f-4c2d-9088-70dd7d868b0c	POST	/auth	undefined
20240509	19:09:06	6c10a830-5fe4-4473-bf54-57a32c8cbfd7	GET	/users	http://localhost:3000
20240509	19:09:06	e34c1a0a-909a-4c4f-b3a7-46c8ae86591b	GET	/notes	http://localhost:3000
20240509	19:09:13	0cc04647-f753-4429-9812-32a1f5e416b5	GET	/users	http://localhost:3000
20240509	19:09:21	7f2d4e3a-85f0-42d5-a929-8044fe94e81c	GET	/notes	http://localhost:3000
20240509	19:15:22	26b14a65-e140-453a-9f64-fa72d8ee0faa	OPTIONS	/auth	http://localhost:3000
20240509	19:15:22	0f6a6c1a-5913-4ab4-8f7b-130cc40177c8	POST	/auth	http://localhost:3000
20240509	19:15:29	e157d924-850b-4f42-b14b-fdddd356dc57	OPTIONS	/auth	http://localhost:3000
20240509	19:15:29	88a059c3-b2bd-4100-81e5-115a34c27779	POST	/auth	http://localhost:3000
20240509	19:15:29	1805f445-f231-4804-b654-6b881b23fbc3	GET	/notes	http://localhost:3000
20240509	19:15:29	dd01f083-169a-4d4f-b0a3-89ce2de70bf3	GET	/users	http://localhost:3000
20240509	19:15:33	3ab3fb6d-f42e-42c0-90ec-b959b252cf2f	GET	/users	http://localhost:3000
20240509	19:15:36	cb71144f-668d-4bfb-9d5b-59498834314c	GET	/notes	http://localhost:3000
20240509	19:32:39	293f4fbb-3147-4f75-b12f-4d78fabd4dad	GET	/notes	http://localhost:3000
20240509	19:32:39	226d4291-cd47-4821-a1f8-96a690ca856b	GET	/users	http://localhost:3000
20240509	19:32:45	13d3e4b3-fcc3-4cd4-8c7e-6f066a2a71db	GET	/notes	http://localhost:3000
20240509	19:32:45	ee0e240d-f194-4b4e-9ea6-d3a4742f5a2b	GET	/users	http://localhost:3000
20240509	19:32:55	9f3b6ac9-6914-4114-a38c-4457d126804e	GET	/notes	http://localhost:3000
20240509	19:32:55	9bd989ab-58b1-403b-8fde-ccb410ea39a0	GET	/users	http://localhost:3000
20240509	19:41:15	a6193c7a-ba8c-463f-aafd-d2281415b558	GET	/notes	http://localhost:3000
20240509	19:41:25	8747340a-fb3d-45a8-88cf-84c0da12d008	OPTIONS	/auth	http://localhost:3000
20240509	19:41:25	cb2277ed-b126-4006-a32c-88a3d4e1e6a0	POST	/auth	http://localhost:3000
20240509	19:41:59	be9b0b1c-d949-406d-8f1e-68de7613ae29	OPTIONS	/auth	http://localhost:3000
20240509	19:41:59	21e66cbf-397e-41e3-9fd8-20125643249c	POST	/auth	http://localhost:3000
20240509	19:42:35	70cfaae9-db8f-4ebd-8c02-294fd4148dcc	OPTIONS	/auth	http://localhost:3000
20240509	19:42:35	fc732675-306b-4374-a129-bf95c7321ccd	POST	/auth	http://localhost:3000
20240509	19:43:05	ca557e23-05d5-47bb-897c-a9fb077dcdb8	GET	/notes	http://localhost:3000
20240509	19:43:05	3a589427-87c9-4005-b402-9aaebf9ec8e7	GET	/users	http://localhost:3000
20240509	19:43:18	705b964b-86af-49a4-b951-bf12fb4b94a6	GET	/notes	http://localhost:3000
20240509	19:43:33	db073d30-6fb1-45ff-9fd5-9af6a351c3d9	GET	/notes	http://localhost:3000
20240509	19:43:49	2afe6e84-a78d-443a-bd44-38b76ac579fa	GET	/notes	http://localhost:3000
20240509	19:43:58	e5a18f38-98c1-40ac-8793-73d074b1bb19	POST	/auth	undefined
20240509	19:44:05	9b25c45b-f956-4382-918c-b1f164463c83	GET	/notes	http://localhost:3000
20240509	19:44:13	e064a378-e31d-46af-851d-632d8cc9a0f1	POST	/auth	undefined
20240509	19:44:21	35d139ae-39ad-4653-904e-0dd54ba32a4d	GET	/notes	http://localhost:3000
20240509	19:44:37	bbeb53e1-20c5-4db9-9114-4c0d85005d02	GET	/notes	http://localhost:3000
20240509	19:46:23	63d43e48-d99b-405d-b3a8-50d770b87d8e	GET	/notes	http://localhost:3000
20240509	19:46:29	f5351be5-eb2a-4526-821f-57dca56ca365	GET	/notes	http://localhost:3000
20240509	19:46:40	56cc6981-2ce3-4946-a52a-abe7e8ae9ed9	OPTIONS	/auth	http://localhost:3000
20240509	19:46:40	af231aa3-3597-4306-b502-70c4eec26b5d	POST	/auth	http://localhost:3000
20240509	19:48:51	c515ccb3-6c6d-40cf-abae-fa23498643ec	POST	/auth	undefined
20240509	19:49:03	d23f94b2-a99a-49ba-a501-9d46056025cb	GET	/notes	undefined
20240509	19:49:26	0520f5d1-9973-4579-885e-b37b23591186	GET	/notes	undefined
20240509	19:49:41	eb8364d0-f803-4b5b-88ea-e7a6679f0f48	GET	/users	undefined
20240509	19:50:01	18357b61-61ec-4c1c-a878-622b029c52e8	GET	/users	undefined
20240509	19:51:29	420e34ea-7eb6-43f1-b209-c5a59c29d159	GET	/users	http://localhost:3000
20240509	19:51:29	ea22ae5e-6409-483f-ab6c-8a4e7f9fa3bf	GET	/notes	http://localhost:3000
20240509	19:51:29	5d0bed4a-4dd6-4d5f-872f-134674dc0383	GET	/users	http://localhost:3000
20240509	19:51:39	81fc2e5a-75e2-4d55-8789-294c5b1373e7	GET	/users	http://localhost:3000
20240509	19:51:43	7b95bde1-83cf-4b3c-a087-5018e0e9bc2d	GET	/users	http://localhost:3000
20240509	19:51:43	3571dc59-3e4e-43bb-b8fe-f053f31760c5	GET	/notes	http://localhost:3000
20240509	19:51:43	74512c59-f5b1-4493-8181-bfc4590fe9ba	GET	/users	http://localhost:3000
20240509	19:52:03	bcf4d6dc-bf2c-4097-b231-0689ee4ea3e0	GET	/users	http://localhost:3000
20240509	19:52:25	ef201d05-c2db-4747-8155-f39fcc5c4687	GET	/users	http://localhost:3000
20240509	19:52:39	05627ae3-dda3-44a6-b544-71b4fff3dc25	OPTIONS	/auth	http://localhost:3000
20240509	19:52:39	6cb1a789-9b5b-428e-af7b-01f970490a1c	POST	/auth	http://localhost:3000
20240509	19:53:46	e3d91d42-c716-4718-a55b-74905441da21	GET	/users	http://localhost:3000
20240509	19:53:46	63c58570-a172-410e-9f39-54f06e9516dd	GET	/notes	http://localhost:3000
20240509	19:53:46	cd551208-084b-4fa7-9779-d723ff13a3b5	GET	/users	http://localhost:3000
20240509	19:53:55	47f96da5-1a97-4c46-8293-5cfa58cf1077	GET	/users	http://localhost:3000
20240509	19:54:11	8b76ef4c-6e63-46e9-a778-5b88bbab2463	OPTIONS	/auth	http://localhost:3000
20240509	19:54:11	7dda8102-ecf7-4a25-8ad4-f2e1c5aad0b2	POST	/auth	http://localhost:3000
20240509	19:54:11	2c3def71-065d-43d2-b8c0-d7b8428d3af1	OPTIONS	/notes	http://localhost:3000
20240509	19:54:11	1b21cd3a-bacd-4fd2-8dfb-0062037b9699	OPTIONS	/users	http://localhost:3000
20240509	19:54:11	b6b0302f-307e-443d-9705-efb93b2be661	GET	/notes	http://localhost:3000
20240509	19:54:11	36f58e92-2629-4d1c-b853-fe73d87a8b24	GET	/users	http://localhost:3000
20240509	19:54:15	17877d59-46b2-4cc8-af2c-ef52b1393c52	GET	/users	http://localhost:3000
20240509	19:56:12	ee6438e0-cbed-4d58-8061-c2b2d5f7b6b4	GET	/notes	http://localhost:3000
20240509	19:56:12	bb709021-176a-4ac1-87d2-e1b5f537a4d4	GET	/users	http://localhost:3000
20240509	20:00:33	fac2d6c1-89c3-41f8-8490-9106d623bb6a	GET	/notes	http://localhost:3000
20240509	20:00:33	7de48230-3581-4431-8f06-b62673ebf92c	GET	/users	http://localhost:3000
20240509	20:05:58	ced2adb3-977c-41b8-b8b4-65ae9d063c4c	GET	/notes	http://localhost:3000
20240509	20:05:58	a6b37834-787f-4102-bd46-f8033bc17517	GET	/users	http://localhost:3000
20240509	21:19:55	f03dfb23-8baf-45d9-92f4-97a9940e9e83	GET	/notes	http://localhost:3000
20240509	21:19:55	6e780a2e-9912-4544-960d-40763c399eec	GET	/users	http://localhost:3000
20240510	06:17:46	85d982e9-12b3-4256-874e-204f2c13b918	OPTIONS	/auth	http://localhost:3000
20240510	06:17:46	c2ac0dee-2c9d-4cfd-ba5e-75e4fee4cb40	POST	/auth	http://localhost:3000
20240510	06:17:47	38fdc2a8-60b1-4a08-afdf-ec81f8f94190	OPTIONS	/notes	http://localhost:3000
20240510	06:17:47	0dedfb0b-e850-426e-b5dd-8fd2029c51ab	GET	/notes	http://localhost:3000
20240510	06:17:47	2d771525-5370-4c2a-9412-50559b0b09cb	OPTIONS	/users	http://localhost:3000
20240510	06:17:47	84adabf8-399a-4578-ba04-3fd5cd24d158	GET	/users	http://localhost:3000
20240510	06:17:52	e63677b1-6dea-4328-aeb0-400e0024c580	GET	/notes	http://localhost:3000
20240510	06:18:12	40e963a0-e85a-4c3b-af79-1b1514077dca	OPTIONS	/notes	http://localhost:3000
20240510	06:18:12	3f963ede-b6a5-4ca4-9955-c31183a27e9b	POST	/notes	http://localhost:3000
20240510	06:19:45	d4acf04e-6449-45ef-b0fb-c3c80370ae15	OPTIONS	/notes	http://localhost:3000
20240510	06:19:45	e1137ffe-f839-4054-9217-08c6e5be2a54	GET	/notes	http://localhost:3000
20240510	06:19:45	00ca8f9b-2a1d-49f1-9327-30b87bd136b0	GET	/users	http://localhost:3000
20240510	06:20:08	c742a2c5-5f4c-4ffa-bbfb-797a7088badf	GET	/notes	http://localhost:3000
20240510	06:20:09	d876a752-1085-4121-8567-15dd573bbf41	GET	/users	http://localhost:3000
20240510	06:20:39	80ac5e2f-e4eb-47c3-b992-bc91efbeed97	OPTIONS	/auth	http://localhost:3000
20240510	06:20:39	87c760ca-6183-4776-b9d9-eba90acde6d6	POST	/auth	http://localhost:3000
20240510	06:20:39	d351eadc-9673-4135-b762-15baad6f9ecd	OPTIONS	/notes	http://localhost:3000
20240510	06:20:39	a54c83fb-2063-42e4-b231-ddf68a013a75	OPTIONS	/users	http://localhost:3000
20240510	06:20:39	caeb566d-0eb2-4b47-8f90-ffb388d3529a	GET	/notes	http://localhost:3000
20240510	06:20:40	894d78a0-f34a-4143-8eee-60e843ad286a	GET	/users	http://localhost:3000
20240510	06:20:52	e1fda4f2-4373-45df-bd57-2e757a0c4efd	OPTIONS	/users	http://localhost:3000
20240510	06:20:52	7b5d9f0c-7597-4a6e-ac69-c0b04ebdeba1	GET	/users	http://localhost:3000
20240510	06:20:57	c6382304-fc54-40be-bf87-f6e2275dc224	GET	/users	http://localhost:3000
20240510	06:21:02	d249e5c5-cc05-4fe0-b45e-29405e06f77d	OPTIONS	/users	http://localhost:3000
20240510	06:21:02	93ac63b6-4756-4ce5-be2d-07d751d78907	GET	/users	http://localhost:3000
20240510	06:21:24	e6c20930-cc01-4951-8b33-b1c1b2dba412	OPTIONS	/notes	http://localhost:3000
20240510	06:21:24	0d5141b9-89a8-44e2-8a52-4db9a2a3611d	POST	/notes	http://localhost:3000
20240510	06:23:47	f0bcabb1-3a2b-415b-82cd-112942fca1d3	OPTIONS	/notes	http://localhost:3000
20240510	06:23:47	e83135f8-0dfa-41d0-a9ac-752295de3c49	POST	/notes	http://localhost:3000
20240510	06:25:01	ae248609-3aad-414a-86ef-682bbd5b7de9	OPTIONS	/notes	http://localhost:3000
20240510	06:25:01	b1442e62-007a-4835-8a62-d081ae077ba2	POST	/notes	http://localhost:3000
20240510	06:27:10	c816e63f-aba2-4a00-95ef-808d74329090	OPTIONS	/notes	http://localhost:3000
20240510	06:27:10	342cb9c3-0743-4814-b92d-ba067647ffa5	POST	/notes	http://localhost:3000
20240510	06:28:44	3422262d-6c21-4539-a261-1d0f59c33cfe	GET	/users	http://localhost:3000
20240510	06:28:44	078952c7-20ea-473b-859b-7cf93d0d771f	GET	/notes	http://localhost:3000
20240510	06:28:49	3755191a-652a-4d90-b402-8af5cf5aed86	GET	/notes	http://localhost:3000
20240510	06:29:12	b7ff2904-a87c-49a4-9cf5-a23a73058620	OPTIONS	/auth	http://localhost:3000
20240510	06:29:12	7a4d40bc-155b-4684-9578-8b9cde8cf778	POST	/auth	http://localhost:3000
20240510	06:29:12	cb72846a-f090-4d0c-af52-2e3993e2d258	OPTIONS	/notes	http://localhost:3000
20240510	06:29:12	1adbd83c-790c-4a5f-bd37-ad76206bb080	OPTIONS	/users	http://localhost:3000
20240510	06:29:12	250a01fa-539b-4129-ac21-c8e19200a2b7	GET	/notes	http://localhost:3000
20240510	06:29:12	27f81368-74af-4cd0-b07a-c7ea4a48aaf6	GET	/users	http://localhost:3000
20240510	06:29:19	79567f28-c325-46f9-b065-307cf21b4951	OPTIONS	/notes	http://localhost:3000
20240510	06:29:19	08570e05-5641-4aaf-8f8f-38c53af42055	GET	/notes	http://localhost:3000
20240510	06:29:36	5e37051f-bfe0-4028-88bd-fb7d39e7d683	OPTIONS	/notes	http://localhost:3000
20240510	06:29:36	686ddb40-94c4-4d67-8b45-b627cab0d799	POST	/notes	http://localhost:3000
20240510	06:30:33	1f8436fd-f80d-4e33-baf4-6ed9bff2aa07	GET	/auth/refresh	http://localhost:3000
20240510	06:30:34	549a8b0e-6afa-455a-a37c-8c6024302a03	OPTIONS	/notes	http://localhost:3000
20240510	06:30:34	73016b90-1433-4649-a91d-6c967fb7fb7b	OPTIONS	/users	http://localhost:3000
20240510	06:30:34	1a5f4282-28fa-4752-b201-4540feb0983f	GET	/notes	http://localhost:3000
20240510	06:30:34	f7f7d401-0200-4a3b-84ed-c09bbc5dd2fa	GET	/users	http://localhost:3000
